[ 2025-08-13 22:19:37,183 ] 1025 httpx - INFO - HTTP Request: GET https://dagshub.com/api/v1/user "HTTP/1.1 200 OK"
[ 2025-08-13 22:19:37,193 ] 107 dagshub - INFO - Accessing as HimnishA
[ 2025-08-13 22:19:37,582 ] 1025 httpx - INFO - HTTP Request: GET https://dagshub.com/api/v1/repos/HimnishA/NetworkSecurity "HTTP/1.1 200 OK"
[ 2025-08-13 22:19:38,030 ] 1025 httpx - INFO - HTTP Request: GET https://dagshub.com/api/v1/user "HTTP/1.1 200 OK"
[ 2025-08-13 22:19:38,031 ] 107 dagshub - INFO - Initialized MLflow to track repo "HimnishA/NetworkSecurity"
[ 2025-08-13 22:19:38,031 ] 107 dagshub - INFO - Repository HimnishA/NetworkSecurity initialized!
[ 2025-08-13 22:19:52,398 ] 35 root - INFO - Start data ingestion
[ 2025-08-13 22:19:54,220 ] 69 root - INFO - Performed train test split on dataframe
[ 2025-08-13 22:19:54,221 ] 72 root - INFO - Exited train test split method of data ingestion class
[ 2025-08-13 22:19:54,221 ] 81 root - INFO - Exporting train test file path
[ 2025-08-13 22:19:54,271 ] 91 root - INFO - Export of train test file path complete
[ 2025-08-13 22:19:54,271 ] 38 root - INFO - Data Ingestion Completed! and Artifact: DataIngestionArtifact(trained_file_path='Artifacts/08_13_2025_22_19_35/data_ingestion/ingested/train.csv', test_file_path='Artifacts/08_13_2025_22_19_35/data_ingestion/ingested/test.csv')
[ 2025-08-13 22:19:54,271 ] 47 root - INFO - Start Data Validation
[ 2025-08-13 22:19:54,292 ] 34 root - INFO - No of columns in Schema: 2
[ 2025-08-13 22:19:54,292 ] 35 root - INFO - Dataframe has columns:31
[ 2025-08-13 22:19:54,292 ] 34 root - INFO - No of columns in Schema: 2
[ 2025-08-13 22:19:54,292 ] 35 root - INFO - Dataframe has columns:31
[ 2025-08-13 22:19:54,437 ] 50 root - INFO - Data Validation Completed! and Artifact: DataValidationArtifact(validation_status=None, valid_train_file_path='Artifacts/08_13_2025_22_19_35/data_ingestion/ingested/train.csv', valid_test_file_path='Artifacts/08_13_2025_22_19_35/data_ingestion/ingested/test.csv', invalid_train_file_path=None, invalid_test_file_path=None, drift_report_file_path='Artifacts/08_13_2025_22_19_35/data_validation/drift_report/report.yaml')
[ 2025-08-13 22:19:54,438 ] 57 root - INFO - Entered initiate_data_transformation
[ 2025-08-13 22:19:54,438 ] 59 root - INFO - Starting data transformation
[ 2025-08-13 22:19:54,453 ] 39 root - INFO - Entered get_data_transformer_object
[ 2025-08-13 22:19:54,453 ] 42 root - INFO - Initialied KNNImputer with the folowing params {'missing_values': nan, 'n_neighbors': 3, 'weights': 'uniform'}
[ 2025-08-13 22:19:54,458 ] 44 root - INFO - Entered the save_object method of MainUtils class
[ 2025-08-13 22:19:54,459 ] 48 root - INFO - Exited the save_object method of MainUtils class
[ 2025-08-13 22:19:54,459 ] 44 root - INFO - Entered the save_object method of MainUtils class
[ 2025-08-13 22:19:54,460 ] 48 root - INFO - Exited the save_object method of MainUtils class
[ 2025-08-13 22:23:17,272 ] 44 root - INFO - Entered the save_object method of MainUtils class
[ 2025-08-13 22:23:17,282 ] 48 root - INFO - Exited the save_object method of MainUtils class
[ 2025-08-13 22:23:17,282 ] 44 root - INFO - Entered the save_object method of MainUtils class
[ 2025-08-13 22:23:17,289 ] 48 root - INFO - Exited the save_object method of MainUtils class
[ 2025-08-13 22:23:17,289 ] 137 root - INFO - Model trainer artifacts: ModelTrainerArtifact(trained_model_file_path='Artifacts/08_13_2025_22_19_35/model_trainer/trained_model/model.pkl', train_metric_artifact=ClassificationMetricArtifact(f1_score=0.9905994137268775, precision_score=0.989699050696829, recall_score=0.9915014164305949), test_metric_artifact=ClassificationMetricArtifact(f1_score=0.9773382777091059, precision_score=0.9785478547854786, recall_score=0.9761316872427983))
